  CMissile.cpp
C:\Users\rlazh\OneDrive\바탕 화면\취업자료\WinProj\WinProj_AssortRock\Client\CMissile.cpp(36,47): warning C4244: 'argument': conversion from 'float' to 'int', possible loss of data
C:\Users\rlazh\OneDrive\바탕 화면\취업자료\WinProj\WinProj_AssortRock\Client\CMissile.cpp(36,17): warning C4244: 'argument': conversion from 'float' to 'int', possible loss of data
C:\Users\rlazh\OneDrive\바탕 화면\취업자료\WinProj\WinProj_AssortRock\Client\CMissile.cpp(35,57): warning C4244: 'argument': conversion from 'float' to 'int', possible loss of data
C:\Users\rlazh\OneDrive\바탕 화면\취업자료\WinProj\WinProj_AssortRock\Client\CMissile.cpp(35,27): warning C4244: 'argument': conversion from 'float' to 'int', possible loss of data
  CMonster.cpp
  CObject.cpp
C:\Users\rlazh\OneDrive\바탕 화면\취업자료\WinProj\WinProj_AssortRock\Client\CObject.cpp(24,53): warning C4244: 'argument': conversion from 'float' to 'int', possible loss of data
C:\Users\rlazh\OneDrive\바탕 화면\취업자료\WinProj\WinProj_AssortRock\Client\CObject.cpp(24,19): warning C4244: 'argument': conversion from 'float' to 'int', possible loss of data
C:\Users\rlazh\OneDrive\바탕 화면\취업자료\WinProj\WinProj_AssortRock\Client\CObject.cpp(23,65): warning C4244: 'argument': conversion from 'float' to 'int', possible loss of data
C:\Users\rlazh\OneDrive\바탕 화면\취업자료\WinProj\WinProj_AssortRock\Client\CObject.cpp(23,31): warning C4244: 'argument': conversion from 'float' to 'int', possible loss of data
  Core.cpp
  CPathMgr.cpp
C:\Users\rlazh\OneDrive\바탕 화면\취업자료\WinProj\WinProj_AssortRock\Client\CPathMgr.cpp(17,36): warning C4267: 'initializing': conversion from 'size_t' to 'int', possible loss of data
  CPlayer.cpp
  CTimeMgr.cpp
  Generating code
  17 of 249 functions ( 6.8%) were compiled, the rest were copied from previous compilation.
    5 functions were new in current compilation
    1 functions had inline decision re-evaluated but remain unchanged
  Finished generating code
  Client.vcxproj -> C:\Users\rlazh\OneDrive\바탕 화면\취업자료\WinProj\WinProj_AssortRock\Output\bin\Client.exe
